<?xml version="1.0" encoding="UTF-8" ?>
<testsuite errors="0" failures="1" hostname="mobiloppression" name="org.netbeans.modules.compapp.catd.ConfiguredTest" tests="1" time="3.359" timestamp="2014-01-14T11:03:39">
  <properties>
[...]
</properties>
  <testcase classname="org.netbeans.modules.compapp.catd.ConfiguredTest" name="TestCase1" time="3.25">
    <failure message="[14.01.2014 12:03:42] The response is not identical to the expected output." type="junit.framework.AssertionFailedError">junit.framework.AssertionFailedError: [14.01.2014 12:03:42] The response is not identical to the expected output.
	at org.netbeans.modules.compapp.catd.ConfiguredTest.checkExpectedOutput(ConfiguredTest.java:2240)
	at org.netbeans.modules.compapp.catd.ConfiguredTest.checkExpectedOutput(ConfiguredTest.java:2122)
	at org.netbeans.modules.compapp.catd.ConfiguredTest.testConcurrentSOAPRequest(ConfiguredTest.java:748)
</failure>
  </testcase>
  <system-out><![CDATA[{java.runtime.name=Java(TM) SE Runtime Environment, sun.boot.library.path=C:\Programme\Java\jdk1.6.0_38\jre\bin, java.vm.version=20.13-b02, java.vm.vendor=Sun Microsystems Inc., java.vendor.url=http://java.sun.com/, path.separator=;, java.vm.name=Java HotSpot(TM) Client VM, file.encoding.pkg=sun.io, sun.java.launcher=SUN_STANDARD, user.country=AT, sun.os.patch.level=Service Pack 3, java.vm.specification.name=Java Virtual Machine Specification, user.dir=C:\Dokumente und Einstellungen\Install\Eigene Dateien\NetBeansProjects\AsynchronousSample\AsynchronousSampleApplication, java.runtime.version=1.6.0_38-ea-b04, java.awt.graphicsenv=sun.awt.Win32GraphicsEnvironment, inDebug=${inDebug}, java.endorsed.dirs=C:\Programme\Java\jdk1.6.0_38\jre\lib\endorsed, os.arch=x86, java.io.tmpdir=C:\DOKUME~1\Install\LOKALE~1\Temp\, line.separator=
, java.vm.specification.vendor=Sun Microsystems Inc., user.variant=, os.name=Windows XP, sun.jnu.encoding=Cp1252, java.library.path=C:\Programme\Java\jdk1.6.0_38\jre\bin;C:\WINDOWS\Sun\Java\bin;C:\WINDOWS\system32;C:\WINDOWS;C:\WINDOWS\system32;C:\WINDOWS;C:\WINDOWS\System32\Wbem;C:\Programme\ATI Technologies\ATI Control Panel;C:\Programme\Git\cmd;., java.specification.name=Java Platform API Specification, java.class.version=50.0, sun.management.compiler=HotSpot Client Compiler, os.version=5.1, user.home=C:\Dokumente und Einstellungen\Install, user.timezone=Europe/Berlin, java.awt.printerjob=sun.awt.windows.WPrinterJob, file.encoding=Cp1252, java.specification.version=1.6, java.class.path=C:\Programme\NetBeans 6.5\soa2\modules\org-netbeans-modules-compapp-manager-jbi.jar;C:\Programme\NetBeans 6.5\soa2\modules\org-netbeans-modules-compapp-projects-jbi.jar;C:\Programme\NetBeans 6.5\soa2\modules\ext\jbi\jbi-admin-common.jar;C:\Programme\NetBeans 6.5\soa2\modules\ext\jbi\catd.jar;C:\Programme\NetBeans 6.5\java2\modules\ext\junit-3.8.2.jar;C:\Programme\NetBeans 6.5\java2\modules\ext\jaxws21\api\saaj-api.jar;C:\Programme\NetBeans 6.5\java2\modules\ext\jaxws21\saaj-impl.jar;C:\Programme\NetBeans 6.5\java2\modules\ext\jaxws21\FastInfoset.jar;C:\Programme\NetBeans 6.5\ide10\modules\org-netbeans-modules-editor-lib.jar;C:\Programme\NetBeans 6.5\ide10\modules\org-netbeans-modules-editor.jar;C:\Programme\NetBeans 6.5\ide10\modules\org-netbeans-modules-editor-util.jar;C:\Programme\NetBeans 6.5\ide10\modules\org-netbeans-modules-editor-lib2.jar;C:\Programme\NetBeans 6.5\ide10\modules\org-netbeans-modules-editor-indent.jar;C:\Programme\NetBeans 6.5\ide10\modules\org-netbeans-modules-editor-plain.jar;C:\Programme\NetBeans 6.5\ide10\modules\org-netbeans-modules-editor-plain-lib.jar;C:\Programme\NetBeans 6.5\ide10\modules\org-netbeans-modules-editor-settings.jar;C:\Programme\NetBeans 6.5\ide10\modules\org-netbeans-modules-editor-settings-storage.jar;C:\Programme\NetBeans 6.5\ide10\modules\org-netbeans-modules-lexer.jar;C:\Programme\NetBeans 6.5\ide10\modules\org-netbeans-modules-xml-core.jar;C:\Programme\NetBeans 6.5\ide10\modules\org-netbeans-modules-xml-lexer.jar;C:\Programme\NetBeans 6.5\ide10\modules\org-netbeans-modules-xml-text.jar;C:\Programme\NetBeans 6.5\ide10\modules\org-netbeans-modules-xml-xdm.jar;C:\Programme\NetBeans 6.5\ide10\modules\org-netbeans-modules-xml-xam.jar;C:\Programme\NetBeans 6.5\ide10\modules\ext\jaxb\activation.jar;C:\Programme\NetBeans 6.5\platform9\lib\org-openide-modules.jar;C:\Programme\NetBeans 6.5\platform9\lib\org-openide-util.jar;C:\Programme\NetBeans 6.5\platform9\modules\org-openide-options.jar;C:\Programme\NetBeans 6.5\platform9\modules\org-openide-text.jar;C:\Programme\NetBeans 6.5\platform9\modules\org-openide-loaders.jar;C:\Programme\NetBeans 6.5\platform9\modules\org-openide-nodes.jar;C:\Programme\NetBeans 6.5\platform9\modules\org-netbeans-modules-editor-mimelookup.jar;C:\Programme\NetBeans 6.5\platform9\modules\org-netbeans-modules-editor-mimelookup-impl.jar;C:\Programme\NetBeans 6.5\platform9\core\org-openide-filesystems.jar;C:\Programme\NetBeans 6.5\java2\ant\lib\ant-launcher.jar;C:\Programme\NetBeans 6.5\java2\ant\lib\ant.jar;C:\Programme\NetBeans 6.5\java2\ant\patches\72080.jar, user.name=Install, java.vm.specification.version=1.0, sun.java.command=org.apache.tools.ant.taskdefs.optional.junit.JUnitTestRunner org.netbeans.modules.compapp.catd.ConfiguredTest filtertrace=true haltOnError=false haltOnFailure=false showoutput=true outputtoformatters=true logtestlistenerevents=true formatter=org.apache.tools.ant.taskdefs.optional.junit.BriefJUnitResultFormatter formatter=org.apache.tools.ant.taskdefs.optional.junit.XMLJUnitResultFormatter,C:\Dokumente und Einstellungen\Install\Eigene Dateien\NetBeansProjects\AsynchronousSample\AsynchronousSampleApplication\test\results\TEST-org.netbeans.modules.compapp.catd.ConfiguredTest.xml crashfile=C:\Dokumente und Einstellungen\Install\Eigene Dateien\NetBeansProjects\AsynchronousSample\AsynchronousSampleApplication\junitvmwatcher3103303677611602860.properties propsfile=C:\Dokumente und Einstellungen\Install\Eigene Dateien\NetBeansProjects\AsynchronousSample\AsynchronousSampleApplication\junit164255583423493256.properties, java.home=C:\Programme\Java\jdk1.6.0_38\jre, sun.arch.data.model=32, user.language=de, java.specification.vendor=Sun Microsystems Inc., NetBeansUserDir=C:\Dokumente und Einstellungen\Install\.netbeans\6.5, awt.toolkit=sun.awt.windows.WToolkit, java.vm.info=mixed mode, sharing, java.version=1.6.0_38-ea, java.ext.dirs=C:\Programme\Java\jdk1.6.0_38\jre\lib\ext;C:\WINDOWS\Sun\Java\lib\ext, sun.boot.class.path=C:\Programme\Java\jdk1.6.0_38\jre\lib\resources.jar;C:\Programme\Java\jdk1.6.0_38\jre\lib\rt.jar;C:\Programme\Java\jdk1.6.0_38\jre\lib\sunrsasign.jar;C:\Programme\Java\jdk1.6.0_38\jre\lib\jsse.jar;C:\Programme\Java\jdk1.6.0_38\jre\lib\jce.jar;C:\Programme\Java\jdk1.6.0_38\jre\lib\charsets.jar;C:\Programme\Java\jdk1.6.0_38\jre\lib\modules\jdk.boot.jar;C:\Programme\Java\jdk1.6.0_38\jre\classes, java.vendor=Sun Microsystems Inc., file.separator=\, java.vendor.url.bug=http://java.sun.com/cgi-bin/bugreport.cgi, sun.io.unicode.encoding=UnicodeLittle, sun.cpu.endian=little, sun.desktop=windows, sun.cpu.isalist=}
Test TestCase1\Concurrent.properties Failed. (Destination: http://localhost:18181/AsynchronousSampleClient)
]]></system-out>
  <system-err><![CDATA[14.01.2014 12:03:40 org.netbeans.modules.editor.settings.storage.Utils load
WARNUNG: Invalid or corrupted file: Editors/Keybindings/NetBeans/Defaults/org-netbeans-modules-editor-keybindings.xml
java.net.UnknownHostException: www.netbeans.org
	at java.net.PlainSocketImpl.connect(PlainSocketImpl.java:195)
	at java.net.SocksSocketImpl.connect(SocksSocketImpl.java:366)
	at java.net.Socket.connect(Socket.java:529)
	at java.net.Socket.connect(Socket.java:478)
	at sun.net.NetworkClient.doConnect(NetworkClient.java:163)
	at sun.net.www.http.HttpClient.openServer(HttpClient.java:411)
	at sun.net.www.http.HttpClient.openServer(HttpClient.java:525)
	at sun.net.www.http.HttpClient.<init>(HttpClient.java:208)
	at sun.net.www.http.HttpClient.New(HttpClient.java:291)
	at sun.net.www.http.HttpClient.New(HttpClient.java:310)
	at sun.net.www.protocol.http.HttpURLConnection.getNewHttpClient(HttpURLConnection.java:987)
	at sun.net.www.protocol.http.HttpURLConnection.plainConnect(HttpURLConnection.java:923)
	at sun.net.www.protocol.http.HttpURLConnection.connect(HttpURLConnection.java:841)
	at sun.net.www.protocol.http.HttpURLConnection.getInputStream(HttpURLConnection.java:1195)
	at com.sun.org.apache.xerces.internal.impl.XMLEntityManager.setupCurrentEntity(XMLEntityManager.java:675)
	at com.sun.org.apache.xerces.internal.impl.XMLEntityManager.startEntity(XMLEntityManager.java:1313)
	at com.sun.org.apache.xerces.internal.impl.XMLEntityManager.startDTDEntity(XMLEntityManager.java:1280)
	at com.sun.org.apache.xerces.internal.impl.XMLDTDScannerImpl.setInputSource(XMLDTDScannerImpl.java:283)
	at com.sun.org.apache.xerces.internal.impl.XMLDocumentScannerImpl$DTDDriver.dispatch(XMLDocumentScannerImpl.java:1191)
	at com.sun.org.apache.xerces.internal.impl.XMLDocumentScannerImpl$DTDDriver.next(XMLDocumentScannerImpl.java:1087)
	at com.sun.org.apache.xerces.internal.impl.XMLDocumentScannerImpl$PrologDriver.next(XMLDocumentScannerImpl.java:1000)
	at com.sun.org.apache.xerces.internal.impl.XMLDocumentScannerImpl.next(XMLDocumentScannerImpl.java:647)
	at com.sun.org.apache.xerces.internal.impl.XMLDocumentFragmentScannerImpl.scanDocument(XMLDocumentFragmentScannerImpl.java:511)
	at com.sun.org.apache.xerces.internal.parsers.XML11Configuration.parse(XML11Configuration.java:808)
	at com.sun.org.apache.xerces.internal.parsers.XML11Configuration.parse(XML11Configuration.java:737)
	at com.sun.org.apache.xerces.internal.parsers.XMLParser.parse(XMLParser.java:119)
	at com.sun.org.apache.xerces.internal.parsers.AbstractSAXParser.parse(AbstractSAXParser.java:1205)
	at com.sun.org.apache.xerces.internal.jaxp.SAXParserImpl$JAXPSAXParser.parse(SAXParserImpl.java:522)
	at org.netbeans.modules.editor.settings.storage.Utils.load(Utils.java:336)
	at org.netbeans.modules.editor.settings.storage.StorageImpl._load(StorageImpl.java:261)
	at org.netbeans.modules.editor.settings.storage.StorageImpl.load(StorageImpl.java:110)
	at org.netbeans.modules.editor.settings.storage.api.EditorSettingsStorage.load(EditorSettingsStorage.java:86)
	at org.netbeans.modules.editor.settings.storage.keybindings.KeyBindingSettingsImpl.getShortcuts(KeyBindingSettingsImpl.java:169)
	at org.netbeans.modules.editor.settings.storage.keybindings.KeyBindingSettingsImpl.createInstanceForLookup(KeyBindingSettingsImpl.java:279)
	at org.netbeans.modules.editor.settings.storage.SettingsProvider$MyLookup.<init>(SettingsProvider.java:257)
	at org.netbeans.modules.editor.settings.storage.SettingsProvider$MyLookup.<init>(SettingsProvider.java:151)
	at org.netbeans.modules.editor.settings.storage.SettingsProvider.getLookup(SettingsProvider.java:127)
	at org.netbeans.modules.editor.mimelookup.MimePathLookup.rebuild(MimePathLookup.java:118)
	at org.netbeans.modules.editor.mimelookup.MimePathLookup.beforeLookup(MimePathLookup.java:100)
	at org.openide.util.lookup.ProxyLookup.lookup(ProxyLookup.java:197)
	at org.netbeans.editor.BaseDocument.init(BaseDocument.java:515)
	at org.netbeans.editor.BaseDocument.<init>(BaseDocument.java:495)
	at org.netbeans.modules.xml.xdm.diff.XDMUtil.compareXML(XDMUtil.java:163)
	at org.netbeans.modules.xml.xdm.diff.XDMUtil.compareXML(XDMUtil.java:143)
	at org.netbeans.modules.compapp.catd.ConfiguredTest.testCompareXMLIdentical(ConfiguredTest.java:2726)
	at org.netbeans.modules.compapp.catd.ConfiguredTest.testCompareXMLIdentical(ConfiguredTest.java:2719)
	at org.netbeans.modules.compapp.catd.ConfiguredTest.checkExpectedOutput(ConfiguredTest.java:2229)
	at org.netbeans.modules.compapp.catd.ConfiguredTest.checkExpectedOutput(ConfiguredTest.java:2122)
	at org.netbeans.modules.compapp.catd.ConfiguredTest.testConcurrentSOAPRequest(ConfiguredTest.java:748)
	at sun.reflect.NativeMethodAccessorImpl.invoke0(Native Method)
	at sun.reflect.NativeMethodAccessorImpl.invoke(NativeMethodAccessorImpl.java:39)
	at sun.reflect.DelegatingMethodAccessorImpl.invoke(DelegatingMethodAccessorImpl.java:25)
	at java.lang.reflect.Method.invoke(Method.java:597)
	at junit.framework.TestCase.runTest(TestCase.java:164)
	at junit.framework.TestCase.runBare(TestCase.java:130)
	at junit.framework.TestResult$1.protect(TestResult.java:106)
	at junit.framework.TestResult.runProtected(TestResult.java:124)
	at junit.framework.TestResult.run(TestResult.java:109)
	at junit.framework.TestCase.run(TestCase.java:120)
	at junit.framework.TestSuite.runTest(TestSuite.java:230)
	at junit.framework.TestSuite.run(TestSuite.java:225)
	at org.apache.tools.ant.taskdefs.optional.junit.JUnitTestRunner.run(JUnitTestRunner.java:515)
	at org.apache.tools.ant.taskdefs.optional.junit.JUnitTestRunner.launch(JUnitTestRunner.java:1031)
	at org.apache.tools.ant.taskdefs.optional.junit.JUnitTestRunner.main(JUnitTestRunner.java:888)
14.01.2014 12:03:41 org.netbeans.modules.editor.settings.storage.Utils load
WARNUNG: Invalid or corrupted file: Editors/text/xml/Preferences/Defaults/org-netbeans-modules-xml-text-xmlPreferences.xml
java.net.UnknownHostException: www.netbeans.org
	at java.net.PlainSocketImpl.connect(PlainSocketImpl.java:195)
	at java.net.SocksSocketImpl.connect(SocksSocketImpl.java:366)
	at java.net.Socket.connect(Socket.java:529)
	at java.net.Socket.connect(Socket.java:478)
	at sun.net.NetworkClient.doConnect(NetworkClient.java:163)
	at sun.net.www.http.HttpClient.openServer(HttpClient.java:411)
	at sun.net.www.http.HttpClient.openServer(HttpClient.java:525)
	at sun.net.www.http.HttpClient.<init>(HttpClient.java:208)
	at sun.net.www.http.HttpClient.New(HttpClient.java:291)
	at sun.net.www.http.HttpClient.New(HttpClient.java:310)
	at sun.net.www.protocol.http.HttpURLConnection.getNewHttpClient(HttpURLConnection.java:987)
	at sun.net.www.protocol.http.HttpURLConnection.plainConnect(HttpURLConnection.java:923)
	at sun.net.www.protocol.http.HttpURLConnection.connect(HttpURLConnection.java:841)
	at sun.net.www.protocol.http.HttpURLConnection.getInputStream(HttpURLConnection.java:1195)
	at com.sun.org.apache.xerces.internal.impl.XMLEntityManager.setupCurrentEntity(XMLEntityManager.java:675)
	at com.sun.org.apache.xerces.internal.impl.XMLEntityManager.startEntity(XMLEntityManager.java:1313)
	at com.sun.org.apache.xerces.internal.impl.XMLEntityManager.startDTDEntity(XMLEntityManager.java:1280)
	at com.sun.org.apache.xerces.internal.impl.XMLDTDScannerImpl.setInputSource(XMLDTDScannerImpl.java:283)
	at com.sun.org.apache.xerces.internal.impl.XMLDocumentScannerImpl$DTDDriver.dispatch(XMLDocumentScannerImpl.java:1191)
	at com.sun.org.apache.xerces.internal.impl.XMLDocumentScannerImpl$DTDDriver.next(XMLDocumentScannerImpl.java:1087)
	at com.sun.org.apache.xerces.internal.impl.XMLDocumentScannerImpl$PrologDriver.next(XMLDocumentScannerImpl.java:1000)
	at com.sun.org.apache.xerces.internal.impl.XMLDocumentScannerImpl.next(XMLDocumentScannerImpl.java:647)
	at com.sun.org.apache.xerces.internal.impl.XMLDocumentFragmentScannerImpl.scanDocument(XMLDocumentFragmentScannerImpl.java:511)
	at com.sun.org.apache.xerces.internal.parsers.XML11Configuration.parse(XML11Configuration.java:808)
	at com.sun.org.apache.xerces.internal.parsers.XML11Configuration.parse(XML11Configuration.java:737)
	at com.sun.org.apache.xerces.internal.parsers.XMLParser.parse(XMLParser.java:119)
	at com.sun.org.apache.xerces.internal.parsers.AbstractSAXParser.parse(AbstractSAXParser.java:1205)
	at com.sun.org.apache.xerces.internal.jaxp.SAXParserImpl$JAXPSAXParser.parse(SAXParserImpl.java:522)
	at org.netbeans.modules.editor.settings.storage.Utils.load(Utils.java:336)
	at org.netbeans.modules.editor.settings.storage.StorageImpl._load(StorageImpl.java:261)
	at org.netbeans.modules.editor.settings.storage.StorageImpl.load(StorageImpl.java:110)
	at org.netbeans.modules.editor.settings.storage.api.EditorSettingsStorage.load(EditorSettingsStorage.java:86)
	at org.netbeans.modules.editor.settings.storage.preferences.PreferencesImpl.getLocal(PreferencesImpl.java:455)
	at org.netbeans.modules.editor.settings.storage.preferences.PreferencesImpl.getSpi(PreferencesImpl.java:289)
	at java.util.prefs.AbstractPreferences.get(AbstractPreferences.java:270)
	at java.util.prefs.AbstractPreferences.getInt(AbstractPreferences.java:369)
	at org.netbeans.editor.BaseDocument$1.preferenceChange(BaseDocument.java:344)
	at org.netbeans.editor.BaseDocument.init(BaseDocument.java:516)
	at org.netbeans.editor.BaseDocument.<init>(BaseDocument.java:495)
	at org.netbeans.modules.xml.xdm.diff.XDMUtil.compareXML(XDMUtil.java:163)
	at org.netbeans.modules.xml.xdm.diff.XDMUtil.compareXML(XDMUtil.java:143)
	at org.netbeans.modules.compapp.catd.ConfiguredTest.testCompareXMLIdentical(ConfiguredTest.java:2726)
	at org.netbeans.modules.compapp.catd.ConfiguredTest.testCompareXMLIdentical(ConfiguredTest.java:2719)
	at org.netbeans.modules.compapp.catd.ConfiguredTest.checkExpectedOutput(ConfiguredTest.java:2229)
	at org.netbeans.modules.compapp.catd.ConfiguredTest.checkExpectedOutput(ConfiguredTest.java:2122)
	at org.netbeans.modules.compapp.catd.ConfiguredTest.testConcurrentSOAPRequest(ConfiguredTest.java:748)
	at sun.reflect.NativeMethodAccessorImpl.invoke0(Native Method)
	at sun.reflect.NativeMethodAccessorImpl.invoke(NativeMethodAccessorImpl.java:39)
	at sun.reflect.DelegatingMethodAccessorImpl.invoke(DelegatingMethodAccessorImpl.java:25)
	at java.lang.reflect.Method.invoke(Method.java:597)
	at junit.framework.TestCase.runTest(TestCase.java:164)
	at junit.framework.TestCase.runBare(TestCase.java:130)
	at junit.framework.TestResult$1.protect(TestResult.java:106)
	at junit.framework.TestResult.runProtected(TestResult.java:124)
	at junit.framework.TestResult.run(TestResult.java:109)
	at junit.framework.TestCase.run(TestCase.java:120)
	at junit.framework.TestSuite.runTest(TestSuite.java:230)
	at junit.framework.TestSuite.run(TestSuite.java:225)
	at org.apache.tools.ant.taskdefs.optional.junit.JUnitTestRunner.run(JUnitTestRunner.java:515)
	at org.apache.tools.ant.taskdefs.optional.junit.JUnitTestRunner.launch(JUnitTestRunner.java:1031)
	at org.apache.tools.ant.taskdefs.optional.junit.JUnitTestRunner.main(JUnitTestRunner.java:888)
14.01.2014 12:03:41 org.netbeans.modules.editor.settings.storage.Utils load
WARNUNG: Invalid or corrupted file: Editors/Preferences/Defaults/org-netbeans-modules-editor-preferences.xml
java.net.UnknownHostException: www.netbeans.org
	at java.net.PlainSocketImpl.connect(PlainSocketImpl.java:195)
	at java.net.SocksSocketImpl.connect(SocksSocketImpl.java:366)
	at java.net.Socket.connect(Socket.java:529)
	at java.net.Socket.connect(Socket.java:478)
	at sun.net.NetworkClient.doConnect(NetworkClient.java:163)
	at sun.net.www.http.HttpClient.openServer(HttpClient.java:411)
	at sun.net.www.http.HttpClient.openServer(HttpClient.java:525)
	at sun.net.www.http.HttpClient.<init>(HttpClient.java:208)
	at sun.net.www.http.HttpClient.New(HttpClient.java:291)
	at sun.net.www.http.HttpClient.New(HttpClient.java:310)
	at sun.net.www.protocol.http.HttpURLConnection.getNewHttpClient(HttpURLConnection.java:987)
	at sun.net.www.protocol.http.HttpURLConnection.plainConnect(HttpURLConnection.java:923)
	at sun.net.www.protocol.http.HttpURLConnection.connect(HttpURLConnection.java:841)
	at sun.net.www.protocol.http.HttpURLConnection.getInputStream(HttpURLConnection.java:1195)
	at com.sun.org.apache.xerces.internal.impl.XMLEntityManager.setupCurrentEntity(XMLEntityManager.java:675)
	at com.sun.org.apache.xerces.internal.impl.XMLEntityManager.startEntity(XMLEntityManager.java:1313)
	at com.sun.org.apache.xerces.internal.impl.XMLEntityManager.startDTDEntity(XMLEntityManager.java:1280)
	at com.sun.org.apache.xerces.internal.impl.XMLDTDScannerImpl.setInputSource(XMLDTDScannerImpl.java:283)
	at com.sun.org.apache.xerces.internal.impl.XMLDocumentScannerImpl$DTDDriver.dispatch(XMLDocumentScannerImpl.java:1191)
	at com.sun.org.apache.xerces.internal.impl.XMLDocumentScannerImpl$DTDDriver.next(XMLDocumentScannerImpl.java:1087)
	at com.sun.org.apache.xerces.internal.impl.XMLDocumentScannerImpl$PrologDriver.next(XMLDocumentScannerImpl.java:1000)
	at com.sun.org.apache.xerces.internal.impl.XMLDocumentScannerImpl.next(XMLDocumentScannerImpl.java:647)
	at com.sun.org.apache.xerces.internal.impl.XMLDocumentFragmentScannerImpl.scanDocument(XMLDocumentFragmentScannerImpl.java:511)
	at com.sun.org.apache.xerces.internal.parsers.XML11Configuration.parse(XML11Configuration.java:808)
	at com.sun.org.apache.xerces.internal.parsers.XML11Configuration.parse(XML11Configuration.java:737)
	at com.sun.org.apache.xerces.internal.parsers.XMLParser.parse(XMLParser.java:119)
	at com.sun.org.apache.xerces.internal.parsers.AbstractSAXParser.parse(AbstractSAXParser.java:1205)
	at com.sun.org.apache.xerces.internal.jaxp.SAXParserImpl$JAXPSAXParser.parse(SAXParserImpl.java:522)
	at org.netbeans.modules.editor.settings.storage.Utils.load(Utils.java:336)
	at org.netbeans.modules.editor.settings.storage.StorageImpl._load(StorageImpl.java:261)
	at org.netbeans.modules.editor.settings.storage.StorageImpl.load(StorageImpl.java:110)
	at org.netbeans.modules.editor.settings.storage.api.EditorSettingsStorage.load(EditorSettingsStorage.java:86)
	at org.netbeans.modules.editor.settings.storage.preferences.PreferencesImpl.getLocal(PreferencesImpl.java:455)
	at org.netbeans.modules.editor.settings.storage.preferences.PreferencesImpl.getSpi(PreferencesImpl.java:289)
	at java.util.prefs.AbstractPreferences.get(AbstractPreferences.java:270)
	at org.netbeans.modules.editor.settings.storage.preferences.PreferencesImpl.getSpi(PreferencesImpl.java:294)
	at java.util.prefs.AbstractPreferences.get(AbstractPreferences.java:270)
	at java.util.prefs.AbstractPreferences.getInt(AbstractPreferences.java:369)
	at org.netbeans.editor.BaseDocument$1.preferenceChange(BaseDocument.java:344)
	at org.netbeans.editor.BaseDocument.init(BaseDocument.java:516)
	at org.netbeans.editor.BaseDocument.<init>(BaseDocument.java:495)
	at org.netbeans.modules.xml.xdm.diff.XDMUtil.compareXML(XDMUtil.java:163)
	at org.netbeans.modules.xml.xdm.diff.XDMUtil.compareXML(XDMUtil.java:143)
	at org.netbeans.modules.compapp.catd.ConfiguredTest.testCompareXMLIdentical(ConfiguredTest.java:2726)
	at org.netbeans.modules.compapp.catd.ConfiguredTest.testCompareXMLIdentical(ConfiguredTest.java:2719)
	at org.netbeans.modules.compapp.catd.ConfiguredTest.checkExpectedOutput(ConfiguredTest.java:2229)
	at org.netbeans.modules.compapp.catd.ConfiguredTest.checkExpectedOutput(ConfiguredTest.java:2122)
	at org.netbeans.modules.compapp.catd.ConfiguredTest.testConcurrentSOAPRequest(ConfiguredTest.java:748)
	at sun.reflect.NativeMethodAccessorImpl.invoke0(Native Method)
	at sun.reflect.NativeMethodAccessorImpl.invoke(NativeMethodAccessorImpl.java:39)
	at sun.reflect.DelegatingMethodAccessorImpl.invoke(DelegatingMethodAccessorImpl.java:25)
	at java.lang.reflect.Method.invoke(Method.java:597)
	at junit.framework.TestCase.runTest(TestCase.java:164)
	at junit.framework.TestCase.runBare(TestCase.java:130)
	at junit.framework.TestResult$1.protect(TestResult.java:106)
	at junit.framework.TestResult.runProtected(TestResult.java:124)
	at junit.framework.TestResult.run(TestResult.java:109)
	at junit.framework.TestCase.run(TestCase.java:120)
	at junit.framework.TestSuite.runTest(TestSuite.java:230)
	at junit.framework.TestSuite.run(TestSuite.java:225)
	at org.apache.tools.ant.taskdefs.optional.junit.JUnitTestRunner.run(JUnitTestRunner.java:515)
	at org.apache.tools.ant.taskdefs.optional.junit.JUnitTestRunner.launch(JUnitTestRunner.java:1031)
	at org.apache.tools.ant.taskdefs.optional.junit.JUnitTestRunner.main(JUnitTestRunner.java:888)
]]></system-err>
</testsuite>
